# JRE version: Java(TM) SE Runtime Environment (10.0.1+10) (build 10.0.1+10)
# Java VM: Java HotSpot(TM) 64-Bit Server VM (10.0.1+10, mixed mode, tiered, compressed oops, g1 gc, windows-amd64)
Heap:
 garbage-first heap   total 261120K, used 99346K [0x0000000710800000, 0x00000007c0000000)
  region size 1024K, 71 young (72704K), 8 survivors (8192K)
 Metaspace       used 64325K, capacity 66145K, committed 66380K, reserved 1107968K
  class space    used 8132K, capacity 8811K, committed 8832K, reserved 1048576K
GC Heap History (10 events):
Event: 10.546 GC heap before
{Heap before GC invocations=7 (full 0):
 garbage-first heap   total 217088K, used 75969K [0x0000000710800000, 0x00000007c0000000)
  region size 1024K, 67 young (68608K), 5 survivors (5120K)
 Metaspace       used 28871K, capacity 29699K, committed 29952K, reserved 1075200K
  class space    used 3439K, capacity 3781K, committed 3840K, reserved 1048576K
}
Event: 10.573 GC heap after
{Heap after GC invocations=8 (full 0):
 garbage-first heap   total 217088K, used 15066K [0x0000000710800000, 0x00000007c0000000)
  region size 1024K, 7 young (7168K), 7 survivors (7168K)
 Metaspace       used 28871K, capacity 29699K, committed 29952K, reserved 1075200K
  class space    used 3439K, capacity 3781K, committed 3840K, reserved 1048576K
}
Event: 13.667 GC heap before
{Heap before GC invocations=8 (full 0):
 garbage-first heap   total 217088K, used 87770K [0x0000000710800000, 0x00000007c0000000)
  region size 1024K, 79 young (80896K), 7 survivors (7168K)
 Metaspace       used 34759K, capacity 35813K, committed 35840K, reserved 1081344K
  class space    used 4198K, capacity 4608K, committed 4608K, reserved 1048576K
}
Event: 13.699 GC heap after
{Heap after GC invocations=9 (full 0):
 garbage-first heap   total 217088K, used 18216K [0x0000000710800000, 0x00000007c0000000)
  region size 1024K, 10 young (10240K), 10 survivors (10240K)
 Metaspace       used 34759K, capacity 35813K, committed 35840K, reserved 1081344K
  class space    used 4198K, capacity 4608K, committed 4608K, reserved 1048576K
}
Event: 18.755 GC heap before
{Heap before GC invocations=10 (full 0):
 garbage-first heap   total 217088K, used 134952K [0x0000000710800000, 0x00000007c0000000)
  region size 1024K, 122 young (124928K), 10 survivors (10240K)
 Metaspace       used 46083K, capacity 47522K, committed 47692K, reserved 1091584K
  class space    used 5670K, capacity 6237K, committed 6272K, reserved 1048576K
}
Event: 18.814 GC heap after
{Heap after GC invocations=11 (full 0):
 garbage-first heap   total 217088K, used 24719K [0x0000000710800000, 0x00000007c0000000)
  region size 1024K, 14 young (14336K), 14 survivors (14336K)
 Metaspace       used 46083K, capacity 47522K, committed 47692K, reserved 1091584K
  class space    used 5670K, capacity 6237K, committed 6272K, reserved 1048576K
}
Event: 29.873 GC heap before
{Heap before GC invocations=11 (full 0):
 garbage-first heap   total 217088K, used 140431K [0x0000000710800000, 0x00000007c0000000)
  region size 1024K, 127 young (130048K), 14 survivors (14336K)
 Metaspace       used 55725K, capacity 57373K, committed 57804K, reserved 1099776K
  class space    used 6986K, capacity 7625K, committed 7680K, reserved 1048576K
}
Event: 29.952 GC heap after
{Heap after GC invocations=12 (full 0):
 garbage-first heap   total 261120K, used 30883K [0x0000000710800000, 0x00000007c0000000)
  region size 1024K, 14 young (14336K), 14 survivors (14336K)
 Metaspace       used 55725K, capacity 57373K, committed 57804K, reserved 1099776K
  class space    used 6986K, capacity 7625K, committed 7680K, reserved 1048576K
}
Event: 32.370 GC heap before
{Heap before GC invocations=12 (full 0):
 garbage-first heap   total 261120K, used 49315K [0x0000000710800000, 0x00000007c0000000)
  region size 1024K, 33 young (33792K), 14 survivors (14336K)
 Metaspace       used 58268K, capacity 59979K, committed 60236K, reserved 1101824K
  class space    used 7330K, capacity 7996K, committed 8064K, reserved 1048576K
}
Event: 32.416 GC heap after
{Heap after GC invocations=13 (full 0):
 garbage-first heap   total 261120K, used 31762K [0x0000000710800000, 0x00000007c0000000)
  region size 1024K, 8 young (8192K), 8 survivors (8192K)
 Metaspace       used 58268K, capacity 59979K, committed 60236K, reserved 1101824K
  class space    used 7330K, capacity 7996K, committed 8064K, reserved 1048576K
}

